mode: atomic
github.com/GoTestTools/limgo/pkg/coverage/parse.go:9.49,15.21 5 0
github.com/GoTestTools/limgo/pkg/coverage/parse.go:28.2,28.25 1 0
github.com/GoTestTools/limgo/pkg/coverage/parse.go:15.21,18.39 2 0
invalid line
github.com/GoTestTools/limgo/pkg/coverage/parse.go:18.39,19.12 1 0
github.com/GoTestTools/limgo/pkg/coverage/parse.go:23.17,25.4 1 0
github.com/GoTestTools/limgo/pkg/coverage/line.go:10.37,12.2 1 1
github.com/GoTestTools/limgo/pkg/coverage/line.go:14.45,16.2 1 2
github.com/GoTestTools/limgo/pkg/coverage/line.go:18.42,20.2 1 2
github.com/GoTestTools/limgo/pkg/coverage/line.go:22.48,24.2 1 2
